0 info it worked if it ends with ok
1 verbose cli [ 'D:\\Programs\\NodeJS\\node.exe',
1 verbose cli   'D:\\Programs\\NodeJS\\node_modules\\npm\\bin\\npm-cli.js',
1 verbose cli   'run',
1 verbose cli   'dev' ]
2 info using npm@3.10.10
3 info using node@v6.11.0
4 verbose run-script [ 'predev', 'dev', 'postdev' ]
5 info lifecycle vue-starter-kit@~predev: vue-starter-kit@
6 silly lifecycle vue-starter-kit@~predev: no script for predev, continuing
7 info lifecycle vue-starter-kit@~dev: vue-starter-kit@
8 verbose lifecycle vue-starter-kit@~dev: unsafe-perm in lifecycle true
9 verbose lifecycle vue-starter-kit@~dev: PATH: D:\Programs\NodeJS\node_modules\npm\bin\node-gyp-bin;D:\ermolaxe\BracketsProject\Epam_prac\node_modules\.bin;C:\ProgramData\Oracle\Java\javapath;C:\Windows\system32;C:\Windows;C:\Windows\System32\Wbem;C:\Windows\System32\WindowsPowerShell\v1.0\;C:\Program Files (x86)\NVIDIA Corporation\PhysX\Common;C:\Program Files (x86)\Windows Live\Shared;C:\Program Files (x86)\Windows Kits\8.1\Windows Performance Toolkit\;C:\Program Files (x86)\Microsoft SQL Server\110\Tools\Binn\;C:\Program Files\Microsoft SQL Server\110\Tools\Binn\;C:\Program Files\Microsoft SQL Server\110\DTS\Binn\;C:\Program Files (x86)\Microsoft SQL Server\110\Tools\Binn\ManagementStudio\;C:\Program Files (x86)\Microsoft SQL Server\110\DTS\Binn\;C:\Program Files (x86)\Skype\Phone\;C:\Program Files\Git\cmd;D:\Programs\NodeJS\;D:\Programs\Brackets\command;C:\Program Files\Java\jdk1.8.0_92\bin\;D:\Programs\apache-maven-3.3.9\bin;D:\Programs\HerokuCLI\Heroku\bin;C:\Users\Александр\AppData\Roaming\npm
10 verbose lifecycle vue-starter-kit@~dev: CWD: D:\ermolaxe\BracketsProject\Epam_prac
11 silly lifecycle vue-starter-kit@~dev: Args: [ '/d /s /c', 'node build/dev-server.js' ]
12 silly lifecycle vue-starter-kit@~dev: Returned: code: 3221225786  signal: null
13 info lifecycle vue-starter-kit@~dev: Failed to exec dev script
14 verbose stack Error: vue-starter-kit@ dev: `node build/dev-server.js`
14 verbose stack Exit status 3221225786
14 verbose stack     at EventEmitter.<anonymous> (D:\Programs\NodeJS\node_modules\npm\lib\utils\lifecycle.js:255:16)
14 verbose stack     at emitTwo (events.js:106:13)
14 verbose stack     at EventEmitter.emit (events.js:191:7)
14 verbose stack     at ChildProcess.<anonymous> (D:\Programs\NodeJS\node_modules\npm\lib\utils\spawn.js:40:14)
14 verbose stack     at emitTwo (events.js:106:13)
14 verbose stack     at ChildProcess.emit (events.js:191:7)
14 verbose stack     at maybeClose (internal/child_process.js:891:16)
14 verbose stack     at Process.ChildProcess._handle.onexit (internal/child_process.js:226:5)
15 verbose pkgid vue-starter-kit@
16 verbose cwd D:\ermolaxe\BracketsProject\Epam_prac
17 error Windows_NT 6.3.9600
18 error argv "D:\\Programs\\NodeJS\\node.exe" "D:\\Programs\\NodeJS\\node_modules\\npm\\bin\\npm-cli.js" "run" "dev"
19 error node v6.11.0
20 error npm  v3.10.10
21 error code ELIFECYCLE
22 error vue-starter-kit@ dev: `node build/dev-server.js`
22 error Exit status 3221225786
23 error Failed at the vue-starter-kit@ dev script 'node build/dev-server.js'.
23 error Make sure you have the latest version of node.js and npm installed.
23 error If you do, this is most likely a problem with the vue-starter-kit package,
23 error not with npm itself.
23 error Tell the author that this fails on your system:
23 error     node build/dev-server.js
23 error You can get information on how to open an issue for this project with:
23 error     npm bugs vue-starter-kit
23 error Or if that isn't available, you can get their info via:
23 error     npm owner ls vue-starter-kit
23 error There is likely additional logging output above.
24 verbose exit [ 1, true ]
